<?xml version="1.0" encoding="UTF-8"?>
<testng-results skipped="0" failed="0" ignored="0" total="1" passed="1">
  <reporter-output>
  </reporter-output>
  <suite name="Default suite" duration-ms="58" started-at="2021-03-31T19:37:52 IST" finished-at="2021-03-31T19:37:52 IST">
    <groups>
    </groups>
    <test name="Default test" duration-ms="58" started-at="2021-03-31T19:37:52 IST" finished-at="2021-03-31T19:37:52 IST">
      <class name="testBase.TestParametrization">
        <test-method status="PASS" signature="f()[pri:0, instance:testBase.TestParametrization@2a17b7b6]" name="f" duration-ms="11" started-at="2021-03-31T19:37:52 IST" finished-at="2021-03-31T19:37:52 IST">
          <reporter-output>
          </reporter-output>
        </test-method> <!-- f -->
      </class> <!-- testBase.TestParametrization -->
    </test> <!-- Default test -->
  </suite> <!-- Default suite -->
</testng-results>
